sample.interval=20000
"sapply" "format.data.frame" "as.matrix" "print.data.frame" "print" 
"lazyLoadDBfetch" 
"list.files" "find.package" "data" 
"print.default" "print" "print.data.frame" "print" 
"deparse" "mode" "match" "%in%" "deparse" "paste" "as.data.frame.AsIs" "as.data.frame" "data.frame" "do.call" "format.data.frame" "as.matrix" "print.data.frame" "print" 
"[[" "format" "format.data.frame" "as.matrix" "print.data.frame" "print" 
"unique" "simplify2array" "sapply" "specialOpLocs" "<Anonymous>" "<Anonymous>" 
"ls" "apropos" "normalCompletions" "<Anonymous>" "<Anonymous>" 
"structure" ".POSIXct" "file.info" "find.package" "index.search" "help" "<Anonymous>" 
"readRDS" "index.search" "help" "<Anonymous>" 
"writeHref" "writeLink" "writeBlock" "writeContent" "writeWrapped" "writeBlock" "writeContent" "writeSection" "Rd2HTML" "<Anonymous>" "<Anonymous>" 
"FUN" "lapply" "methods" "doTryCatch" "tryCatchOne" "tryCatchList" "doTryCatch" "tryCatchOne" "tryCatchList" "tryCatch" "functionArgs" "<Anonymous>" "<Anonymous>" 
"FUN" "lapply" "methods" "doTryCatch" "tryCatchOne" "tryCatchList" "doTryCatch" "tryCatchOne" "tryCatchList" "tryCatch" "functionArgs" "<Anonymous>" "<Anonymous>" 
"is.factor" "rbind" "rbind" "rbindSome" "methods" "doTryCatch" "tryCatchOne" "tryCatchList" "doTryCatch" "tryCatchOne" "tryCatchList" "tryCatch" "functionArgs" "<Anonymous>" "<Anonymous>" 
"ls" "match" "%in%" "find" "getAnywhere" "<Anonymous>" "do.call" "FUN" "lapply" "unlist" "unique" "functionArgs" "<Anonymous>" "<Anonymous>" 
"ls" "match" "%in%" "find" "getAnywhere" "<Anonymous>" "do.call" "FUN" "lapply" "unlist" "unique" "functionArgs" "<Anonymous>" "<Anonymous>" 
"ls" "match" "%in%" "find" "getAnywhere" "<Anonymous>" "do.call" "FUN" "lapply" "unlist" "unique" "functionArgs" "<Anonymous>" "<Anonymous>" 
"ls" "match" "%in%" "find" "getAnywhere" "<Anonymous>" "do.call" "FUN" "lapply" "unlist" "unique" "functionArgs" "<Anonymous>" "<Anonymous>" 
"ls" "match" "%in%" "find" "getAnywhere" "<Anonymous>" "do.call" "FUN" "lapply" "unlist" "unique" "functionArgs" "<Anonymous>" "<Anonymous>" 
"file.info" "find.package" "library" ".getRequiredPackages2" "library" 
"objects" "match" "checkConflicts" "library" ".getRequiredPackages2" "library" 
"match" "%in%" "structure" ".encode_numeric_version" "Ops.numeric_version" "testRversion" "library" ".getRequiredPackages2" "library" 
"exists" "namespaceImportFrom" "namespaceImport" "loadNamespace" "doTryCatch" "tryCatchOne" "tryCatchList" "tryCatch" "try" "library" ".getRequiredPackages2" "library" 
"lazyLoadDBfetch" "get" "registerS3methods" "loadNamespace" "doTryCatch" "tryCatchOne" "tryCatchList" "tryCatch" "try" "library" ".getRequiredPackages2" "library" 
"inDL" "dyn.load" "library.dynam" "loadNamespace" "doTryCatch" "tryCatchOne" "tryCatchList" "tryCatch" "try" "library" ".getRequiredPackages2" "library" 
"%in%" "modifyList" "modifyList" "modifyList" "updateList" "lattice.options" "fun" "doTryCatch" "tryCatchOne" "tryCatchList" "tryCatch" "runHook" "loadNamespace" "doTryCatch" "tryCatchOne" "tryCatchList" "tryCatch" "try" "library" ".getRequiredPackages2" "library" 
"objects" "match" "checkConflicts" "attach" "attachNamespace" "doTryCatch" "tryCatchOne" "tryCatchList" "tryCatch" "try" "library" ".getRequiredPackages2" "library" 
"objects" "match" "checkConflicts" "attach" "attachNamespace" "doTryCatch" "tryCatchOne" "tryCatchList" "tryCatch" "try" "library" ".getRequiredPackages2" "library" 
"objects" "match" "checkConflicts" "library" ".getRequiredPackages2" "library" 
"gzfile" "readRDS" "loadNamespace" "doTryCatch" "tryCatchOne" "tryCatchList" "tryCatch" "try" "library" 
"importIntoEnv" "namespaceImportFrom" "loadNamespace" "doTryCatch" "tryCatchOne" "tryCatchList" "tryCatch" "try" "library" 
"c" "structure" "addImports" "namespaceImportFrom" "loadNamespace" "asNamespace" "namespaceImportFrom" "loadNamespace" "doTryCatch" "tryCatchOne" "tryCatchList" "tryCatch" "try" "library" 
"file" "parse" "sys.source" "doTryCatch" "tryCatchOne" "tryCatchList" "tryCatch" "try" "loadNamespace" "asNamespace" "namespaceImportFrom" "loadNamespace" "doTryCatch" "tryCatchOne" "tryCatchList" "tryCatch" "try" "library" 
"inDL" "dyn.load" "library.dynam" "loadNamespace" "asNamespace" "namespaceImportFrom" "loadNamespace" "doTryCatch" "tryCatchOne" "tryCatchList" "tryCatch" "try" "library" 
"file" "parse" "sys.source" "doTryCatch" "tryCatchOne" "tryCatchList" "tryCatch" "try" "loadNamespace" "asNamespace" "namespaceImportFrom" "loadNamespace" "doTryCatch" "tryCatchOne" "tryCatchList" "tryCatch" "try" "library" 
"lazyLoadDBfetch" "get" "registerS3methods" "loadNamespace" "asNamespace" "namespaceImportFrom" "loadNamespace" "doTryCatch" "tryCatchOne" "tryCatchList" "tryCatch" "try" "library" 
"file" "parse" "sys.source" "doTryCatch" "tryCatchOne" "tryCatchList" "tryCatch" "try" "loadNamespace" "asNamespace" "namespaceImportFrom" "loadNamespace" "doTryCatch" "tryCatchOne" "tryCatchList" "tryCatch" "try" "library" 
"lazyLoadDBfetch" "get" "registerS3methods" "loadNamespace" "asNamespace" "namespaceImportFrom" "loadNamespace" "doTryCatch" "tryCatchOne" "tryCatchList" "tryCatch" "try" "library" 
"inDL" "dyn.load" "library.dynam" "loadNamespace" "asNamespace" "namespaceImportFrom" "loadNamespace" "doTryCatch" "tryCatchOne" "tryCatchList" "tryCatch" "try" "library" 
"file" "parse" "sys.source" "doTryCatch" "tryCatchOne" "tryCatchList" "tryCatch" "try" "loadNamespace" "doTryCatch" "tryCatchOne" "tryCatchList" "tryCatch" "try" "library" 
"inDL" "dyn.load" "library.dynam" "loadNamespace" "doTryCatch" "tryCatchOne" "tryCatchList" "tryCatch" "try" "library" 
"objects" "<Anonymous>" "loadNamespace" "doTryCatch" "tryCatchOne" "tryCatchList" "tryCatch" "try" "library" 
"topenv" ".findAll" ".findBasicFuns" "genericForPrimitive" "getGeneric" ".recMembers" "Recall" ".recMembers" "getGroupMembers" ".checkGroupSigLength" ".updateMethodsInTable" "<Anonymous>" "loadNamespace" "doTryCatch" "tryCatchOne" "tryCatchList" "tryCatch" "try" "library" 
"exists" ".findAll" ".findBasicFuns" "genericForPrimitive" "getGeneric" ".recMembers" "Recall" ".recMembers" "getGroupMembers" ".checkGroupSigLength" "Recall" ".checkGroupSigLength" ".updateMethodsInTable" ".updateMethodsInTable" ".updateMethodsInTable" "<Anonymous>" "loadNamespace" "doTryCatch" "tryCatchOne" "tryCatchList" "tryCatch" "try" "library" 
".findAll" ".findBasicFuns" "genericForPrimitive" "getGeneric" ".recMembers" "Recall" ".recMembers" "getGroupMembers" ".checkGroupSigLength" "Recall" ".checkGroupSigLength" ".updateMethodsInTable" ".updateMethodsInTable" ".updateMethodsInTable" "<Anonymous>" "loadNamespace" "doTryCatch" "tryCatchOne" "tryCatchList" "tryCatch" "try" "library" 
"exists" ".findAll" ".findBasicFuns" "genericForPrimitive" "getGeneric" ".recMembers" "Recall" ".recMembers" "getGroupMembers" ".checkGroupSigLength" "Recall" ".checkGroupSigLength" ".updateMethodsInTable" ".updateMethodsInTable" ".updateMethodsInTable" "<Anonymous>" "loadNamespace" "doTryCatch" "tryCatchOne" "tryCatchList" "tryCatch" "try" "library" 
"unique" ".checkGroupSigLength" "Recall" ".checkGroupSigLength" ".updateMethodsInTable" ".updateMethodsInTable" ".updateMethodsInTable" "<Anonymous>" "loadNamespace" "doTryCatch" "tryCatchOne" "tryCatchList" "tryCatch" "try" "library" 
"objects" "match" "checkConflicts" "attach" "attachNamespace" "doTryCatch" "tryCatchOne" "tryCatchList" "tryCatch" "try" "library" 
"objects" "match" "checkConflicts" "library" 
"print.default" "print" "print.data.frame" "print" 
"ls" "apropos" "normalCompletions" "<Anonymous>" "<Anonymous>" 
"ls" "apropos" "normalCompletions" "<Anonymous>" "<Anonymous>" 
"lapply" "sapply" "inFunction" "<Anonymous>" "<Anonymous>" 
"ls" "apropos" "normalCompletions" "<Anonymous>" "<Anonymous>" 
"ls" "apropos" "normalCompletions" "<Anonymous>" "<Anonymous>" 
"structure" ".POSIXct" "file.info" "find.package" "index.search" "help" "<Anonymous>" 
"match" "%in%" "structure" ".POSIXct" "file.info" "find.package" "index.search" "help" "<Anonymous>" 
"gzfile" "readRDS" "index.search" "help" "<Anonymous>" 
"file.info" "file_test" "Rd2HTML" "<Anonymous>" "<Anonymous>" 
"lazyLoadDBfetch" "fetch" "fun" "lazyLoadDBexec" "<Anonymous>" "<Anonymous>" "prepare_Rd" "Rd2HTML" "<Anonymous>" "<Anonymous>" 
"grepl" "addParaBreaks" "writeLines" "writeLinesUTF8" "of1" "writeBlock" "writeContent" "writeContent" "writeBlock" "writeContent" "writeSection" "Rd2HTML" "<Anonymous>" "<Anonymous>" 
"ls" "loadedNamespaces" "match" "%in%" "find.package" "index.search" "help" "<Anonymous>" 
"list.files" "find.package" "index.search" "help" "<Anonymous>" 
"readRDS" "FUN" "lapply" "find.package" "index.search" "help" "<Anonymous>" 
"close.connection" "close" "readRDS" "index.search" "help" "<Anonymous>" 
"psub" "htmlify" "isBlankLineRd" "addParaBreaks" "writeLines" "writeLinesUTF8" "of1" "writeBlock" "writeContent" "writeSection" "Rd2HTML" "<Anonymous>" "<Anonymous>" 
"getNamespaceInfo" "find.package" "index.search" "help" "<Anonymous>" 
"ls" "loadedNamespaces" "match" "%in%" "find.package" "index.search" "help" "<Anonymous>" 
"list.files" "find.package" "system.file" "<Anonymous>" "<Anonymous>" 
"psub" "htmlify" "isBlankLineRd" "addParaBreaks" "writeLines" "writeLinesUTF8" "of1" "writeBlock" "writeContent" "writeSection" "Rd2HTML" "<Anonymous>" "<Anonymous>" 
"gzfile" "readRDS" "FUN" "lapply" "find.package" "index.search" "help" "<Anonymous>" 
"apply" "find.package" "index.search" "help" "<Anonymous>" 
"gzfile" "readRDS" "FUN" "lapply" "find.package" "index.search" "help" "<Anonymous>" 
"length" "length" "<Anonymous>" 
"psub" "htmlify" "isBlankLineRd" "addParaBreaks" "writeLines" "writeLinesUTF8" "of1" "writeBlock" "writeContent" "writeSection" "Rd2HTML" "<Anonymous>" "<Anonymous>" 
"list.files" "find.package" "index.search" "help" "<Anonymous>" 
"list.files" "find.package" "index.search" "help" "<Anonymous>" 
"file.info" "find.package" "index.search" "help" "<Anonymous>" 
"match" "structure" ".POSIXct" "file.info" "find.package" "system.file" "<Anonymous>" "<Anonymous>" 
"grep" "isBlankRd" "writeWrapped" "writeBlock" "writeContent" "writeContent" "writeSection" "Rd2HTML" "<Anonymous>" "<Anonymous>" 
"writeWrapped" "writeBlock" "writeContent" "writeSection" "Rd2HTML" "<Anonymous>" "<Anonymous>" 
"ls" "loadedNamespaces" "match" "%in%" "find.package" "index.search" "help" "<Anonymous>" 
"tryCatchList" "tryCatch" "ls" "loadedNamespaces" "match" "%in%" "find.package" "index.search" "help" "<Anonymous>" 
"list.files" "find.package" "index.search" "help" "<Anonymous>" 
"gzfile" "readRDS" "<Anonymous>" "<Anonymous>" 
"set" "lazyLoadDBexec" "<Anonymous>" "<Anonymous>" "prepare_Rd" "Rd2HTML" "<Anonymous>" "<Anonymous>" 
"writeLines" "writeLinesUTF8" "of1" "writeBlock" "writeContent" "writeSection" "Rd2HTML" "<Anonymous>" "<Anonymous>" 
"close.connection" "close" "readRDS" "FUN" "lapply" "find.package" "index.search" "help" "<Anonymous>" 
"list.files" "find.package" "index.search" "help" "<Anonymous>" 
"gzfile" "readRDS" "index.search" "help" "<Anonymous>" 
"grep" "isBlankRd" "writeWrapped" "writeBlock" "writeContent" "writeContent" "writeSection" "Rd2HTML" "<Anonymous>" "<Anonymous>" 
"psub" "htmlify" "isBlankLineRd" "addParaBreaks" "writeLines" "writeLinesUTF8" "of1" "writeBlock" "writeContent" "writeSection" "Rd2HTML" "<Anonymous>" "<Anonymous>" 
"gzfile" "readRDS" "FUN" "lapply" "find.package" "index.search" "help" "<Anonymous>" 
"$" "FUN" "lapply" "find.package" "index.search" "help" "<Anonymous>" 
"existsInFrame" "<Anonymous>" "lazyLoadDBfetch" "fetch" "fun" "lazyLoadDBexec" "<Anonymous>" "<Anonymous>" "prepare_Rd" "Rd2HTML" "<Anonymous>" "<Anonymous>" 
"list.files" "find.package" "index.search" "help" "<Anonymous>" 
"file.info" "find.package" "index.search" "help" "<Anonymous>" 
"readRDS" "index.search" "help" "<Anonymous>" 
"fsub" "htmlify" "isBlankLineRd" "addParaBreaks" "writeLines" "writeLinesUTF8" "of1" "writeBlock" "writeContent" "writeContent" "writeSection" "Rd2HTML" "<Anonymous>" "<Anonymous>" 
"grep" "isBlankRd" "writeContent" "writeSection" "Rd2HTML" "<Anonymous>" "<Anonymous>" 
"file.info" "find.package" "index.search" "help" "<Anonymous>" 
"unique" "find.package" "index.search" "help" "<Anonymous>" 
"file.exists" "find.package" "index.search" "help" "<Anonymous>" 
"file.info" "file_test" "Rd2HTML" "<Anonymous>" "<Anonymous>" 
"find.package" "index.search" "help" "<Anonymous>" 
"file.path" "file.exists" "find.package" "index.search" "help" "<Anonymous>" 
"aperm" "apply" "find.package" "index.search" "help" "<Anonymous>" 
"file" "Rd2HTML" "<Anonymous>" "<Anonymous>" 
"grepl" "addParaBreaks" "writeLines" "writeLinesUTF8" "of1" "writeBlock" "writeContent" "writeSection" "Rd2HTML" "<Anonymous>" "<Anonymous>" 
"paste0" "FUN" "vapply" "urlify" "paste0" "writeLink" "writeBlock" "writeContent" "writeWrapped" "writeBlock" "writeContent" "writeSection" "Rd2HTML" "<Anonymous>" "<Anonymous>" 
"gzfile" "readRDS" "FUN" "lapply" "find.package" "index.search" "help" "<Anonymous>" 
"readRDS" "FUN" "lapply" "find.package" "index.search" "help" "<Anonymous>" 
"readRDS" "index.search" "help" "<Anonymous>" 
"grep" "isBlankLineRd" "addParaBreaks" "writeLines" "writeLinesUTF8" "of1" "writeBlock" "writeContent" "writeSection" "Rd2HTML" "<Anonymous>" "<Anonymous>" 
"file.exists" "find.package" "index.search" "help" "<Anonymous>" 
"list.files" "find.package" "index.search" "help" "<Anonymous>" 
"ls" "loadedNamespaces" "match" "%in%" "find.package" "system.file" "<Anonymous>" "<Anonymous>" 
"psub" "htmlify" "isBlankLineRd" "addParaBreaks" "writeLines" "writeLinesUTF8" "of1" "writeBlock" "writeContent" "writeSection" "Rd2HTML" "<Anonymous>" "<Anonymous>" 
"list.files" "find.package" "index.search" "help" "<Anonymous>" 
"read.dcf" "doTryCatch" "tryCatchOne" "tryCatchList" "tryCatch" ".read_description" "Rd2HTML" "<Anonymous>" "<Anonymous>" 
"unlist" "unique" "simplify2array" "sapply" "RdTags" "writeSection" "Rd2HTML" "<Anonymous>" "<Anonymous>" 
"do.call" "find.package" "index.search" "help" "<Anonymous>" 
"readRDS" "index.search" "help" "<Anonymous>" 
"psub" "htmlify" "isBlankLineRd" "addParaBreaks" "writeLines" "writeLinesUTF8" "of1" "writeBlock" "writeContent" "writeSection" "Rd2HTML" "<Anonymous>" "<Anonymous>" 
"%*%" "md.pattern" 
"match" "%in%" "[[.data.frame" "[[" "$.data.frame" "$" "find.package" "library" 
"objects" "match" "checkConflicts" "attach" "attachNamespace" "doTryCatch" "tryCatchOne" "tryCatchList" "tryCatch" "try" "library" ".getRequiredPackages2" "library" 
"objects" "match" "checkConflicts" "attach" "attachNamespace" "doTryCatch" "tryCatchOne" "tryCatchList" "tryCatch" "try" "library" ".getRequiredPackages2" "library" 
"objects" "match" "checkConflicts" "library" ".getRequiredPackages2" "library" 
"objects" "match" "checkConflicts" "attach" "attachNamespace" "doTryCatch" "tryCatchOne" "tryCatchList" "tryCatch" "try" "library" ".getRequiredPackages2" "library" 
"tryCatchList" "tryCatch" "try" "runUserHook" "attachNamespace" "doTryCatch" "tryCatchOne" "tryCatchList" "tryCatch" "try" "library" ".getRequiredPackages2" "library" 
"objects" "match" "checkConflicts" "library" ".getRequiredPackages2" "library" 
"gzfile" "readRDS" "loadNamespace" "doTryCatch" "tryCatchOne" "tryCatchList" "tryCatch" "try" "library" ".getRequiredPackages2" "library" 
"importIntoEnv" "namespaceImportFrom" "namespaceImport" "loadNamespace" "doTryCatch" "tryCatchOne" "tryCatchList" "tryCatch" "try" "library" ".getRequiredPackages2" "library" 
"importIntoEnv" "namespaceImportFrom" "namespaceImport" "loadNamespace" "asNamespace" "namespaceImportFrom" "loadNamespace" "doTryCatch" "tryCatchOne" "tryCatchList" "tryCatch" "try" "library" ".getRequiredPackages2" "library" 
"paste0" "file.exists" "loadNamespace" "asNamespace" "namespaceImportFrom" "loadNamespace" "doTryCatch" "tryCatchOne" "tryCatchList" "tryCatch" "try" "library" ".getRequiredPackages2" "library" 
"inDL" "dyn.load" "library.dynam" "loadNamespace" "asNamespace" "namespaceImportFrom" "loadNamespace" "doTryCatch" "tryCatchOne" "tryCatchList" "tryCatch" "try" "library" ".getRequiredPackages2" "library" 
"gzfile" "readRDS" "lazyLoadDBexec" "lazyLoad" "eval" "eval" "eval" "eval" "eval.parent" "local" "eval" "eval" "sys.source" "doTryCatch" "tryCatchOne" "tryCatchList" "tryCatch" "try" "loadNamespace" "doTryCatch" "tryCatchOne" "tryCatchList" "tryCatch" "try" "library" ".getRequiredPackages2" "library" 
"lazyLoadDBfetch" "get" "registerS3methods" "loadNamespace" "doTryCatch" "tryCatchOne" "tryCatchList" "tryCatch" "try" "library" ".getRequiredPackages2" "library" 
"inDL" "dyn.load" "library.dynam" "loadNamespace" "doTryCatch" "tryCatchOne" "tryCatchList" "tryCatch" "try" "library" ".getRequiredPackages2" "library" 
"objects" ".resetInheritedMethods" ".updateMethodsInTable" "<Anonymous>" "loadNamespace" "doTryCatch" "tryCatchOne" "tryCatchList" "tryCatch" "try" "library" ".getRequiredPackages2" "library" 
".identC" "is" ".checkGroupSigLength" "Recall" ".checkGroupSigLength" ".updateMethodsInTable" ".updateMethodsInTable" "<Anonymous>" "loadNamespace" "doTryCatch" "tryCatchOne" "tryCatchList" "tryCatch" "try" "library" ".getRequiredPackages2" "library" 
"exists" "topenv" ".findAll" ".findBasicFuns" "genericForPrimitive" "getGeneric" ".recMembers" "Recall" ".recMembers" "getGroupMembers" ".checkGroupSigLength" "Recall" ".checkGroupSigLength" ".updateMethodsInTable" ".updateMethodsInTable" ".updateMethodsInTable" "<Anonymous>" "loadNamespace" "doTryCatch" "tryCatchOne" "tryCatchList" "tryCatch" "try" "library" ".getRequiredPackages2" "library" 
".getGeneric" "getGeneric" ".recMembers" "Recall" ".recMembers" "getGroupMembers" ".checkGroupSigLength" ".updateMethodsInTable" ".updateMethodsInTable" "<Anonymous>" "loadNamespace" "doTryCatch" "tryCatchOne" "tryCatchList" "tryCatch" "try" "library" ".getRequiredPackages2" "library" 
"is" ".updateMethodsInTable" ".updateMethodsInTable" ".updateMethodsInTable" "<Anonymous>" "loadNamespace" "doTryCatch" "tryCatchOne" "tryCatchList" "tryCatch" "try" "library" ".getRequiredPackages2" "library" 
"match" "elNamed" "genericForPrimitive" "getGeneric" ".recMembers" "Recall" ".recMembers" "getGroupMembers" ".checkGroupSigLength" "Recall" ".checkGroupSigLength" ".updateMethodsInTable" ".updateMethodsInTable" "<Anonymous>" "loadNamespace" "doTryCatch" "tryCatchOne" "tryCatchList" "tryCatch" "try" "library" ".getRequiredPackages2" "library" 
"objects" "<Anonymous>" "unique" "loadNamespace" "doTryCatch" "tryCatchOne" "tryCatchList" "tryCatch" "try" "library" ".getRequiredPackages2" "library" 
"isBaseNamespace" "lastEnv" "<Anonymous>" "loadNamespace" "doTryCatch" "tryCatchOne" "tryCatchList" "tryCatch" "try" "library" ".getRequiredPackages2" "library" 
"objects" "match" "checkConflicts" "attach" "attachNamespace" "doTryCatch" "tryCatchOne" "tryCatchList" "tryCatch" "try" "library" ".getRequiredPackages2" "library" 
"objects" "match" "checkConflicts" "library" ".getRequiredPackages2" "library" 
"gzfile" "readRDS" "loadNamespace" "doTryCatch" "tryCatchOne" "tryCatchList" "tryCatch" "try" "library" 
"gzfile" "readRDS" "loadNamespace" "namespaceImport" "loadNamespace" "doTryCatch" "tryCatchOne" "tryCatchList" "tryCatch" "try" "library" 
"file" "parse" "sys.source" "doTryCatch" "tryCatchOne" "tryCatchList" "tryCatch" "try" "loadNamespace" "asNamespace" "namespaceImportFrom" "loadNamespace" "namespaceImport" "loadNamespace" "doTryCatch" "tryCatchOne" "tryCatchList" "tryCatch" "try" "library" 
"file" "parse" "sys.source" "doTryCatch" "tryCatchOne" "tryCatchList" "tryCatch" "try" "loadNamespace" "namespaceImport" "loadNamespace" "doTryCatch" "tryCatchOne" "tryCatchList" "tryCatch" "try" "library" 
"file.exists" "library.dynam" "loadNamespace" "namespaceImport" "loadNamespace" "doTryCatch" "tryCatchOne" "tryCatchList" "tryCatch" "try" "library" 
"FUN" "lapply" "unlist" "importIntoEnv" "namespaceImportFrom" "namespaceImport" "loadNamespace" "doTryCatch" "tryCatchOne" "tryCatchList" "tryCatch" "try" "library" 
"gzfile" "readRDS" "loadNamespace" "namespaceImport" "loadNamespace" "doTryCatch" "tryCatchOne" "tryCatchList" "tryCatch" "try" "library" 
"file" "parse" "sys.source" "doTryCatch" "tryCatchOne" "tryCatchList" "tryCatch" "try" "loadNamespace" "asNamespace" "namespaceImportFrom" "loadNamespace" "namespaceImport" "loadNamespace" "doTryCatch" "tryCatchOne" "tryCatchList" "tryCatch" "try" "library" 
"readRDS" "lazyLoadDBexec" "lazyLoad" "eval" "eval" "eval" "eval" "eval.parent" "local" "eval" "eval" "sys.source" "doTryCatch" "tryCatchOne" "tryCatchList" "tryCatch" "try" "loadNamespace" "namespaceImport" "loadNamespace" "doTryCatch" "tryCatchOne" "tryCatchList" "tryCatch" "try" "library" 
"readRDS" "FUN" "lapply" "find.package" "library.dynam" "loadNamespace" "namespaceImport" "loadNamespace" "doTryCatch" "tryCatchOne" "tryCatchList" "tryCatch" "try" "library" 
"objects" "<Anonymous>" "loadNamespace" "namespaceImport" "loadNamespace" "doTryCatch" "tryCatchOne" "tryCatchList" "tryCatch" "try" "library" 
"gzfile" "readRDS" "loadNamespace" "namespaceImport" "loadNamespace" "doTryCatch" "tryCatchOne" "tryCatchList" "tryCatch" "try" "library" 
"ls" "getNamespaceExports" "namespaceImportFrom" "namespaceImport" "loadNamespace" "namespaceImport" "loadNamespace" "doTryCatch" "tryCatchOne" "tryCatchList" "tryCatch" "try" "library" 
"gzfile" "readRDS" "lazyLoadDBexec" "lazyLoad" "eval" "eval" "eval" "eval" "eval.parent" "local" "eval" "eval" "sys.source" "doTryCatch" "tryCatchOne" "tryCatchList" "tryCatch" "try" "loadNamespace" "namespaceImport" "loadNamespace" "doTryCatch" "tryCatchOne" "tryCatchList" "tryCatch" "try" "library" 
"getNamespace" "asNamespace" ".registerS3method" "registerS3methods" "loadNamespace" "namespaceImport" "loadNamespace" "doTryCatch" "tryCatchOne" "tryCatchList" "tryCatch" "try" "library" 
"inDL" "dyn.load" "library.dynam" "loadNamespace" "namespaceImport" "loadNamespace" "doTryCatch" "tryCatchOne" "tryCatchList" "tryCatch" "try" "library" 
"lazyLoadDBfetch" "get" "<Anonymous>" "loadNamespace" "namespaceImport" "loadNamespace" "doTryCatch" "tryCatchOne" "tryCatchList" "tryCatch" "try" "library" 
"lazyLoadDBfetch" "<Anonymous>" "lazyLoadDBfetch" "get" "objects" ".mergeMethodsTable" ".updateMethodsInTable" "<Anonymous>" "loadNamespace" "namespaceImport" "loadNamespace" "doTryCatch" "tryCatchOne" "tryCatchList" "tryCatch" "try" "library" 
"length" "length" ".mergeMethodsTable" ".updateMethodsInTable" "<Anonymous>" "loadNamespace" "namespaceImport" "loadNamespace" "doTryCatch" "tryCatchOne" "tryCatchList" "tryCatch" "try" "library" 
".mergeMethodsTable" ".updateMethodsInTable" "<Anonymous>" "loadNamespace" "namespaceImport" "loadNamespace" "doTryCatch" "tryCatchOne" "tryCatchList" "tryCatch" "try" "library" 
"objects" "<Anonymous>" "loadNamespace" "namespaceImport" "loadNamespace" "doTryCatch" "tryCatchOne" "tryCatchList" "tryCatch" "try" "library" 
"objects" "<Anonymous>" "unique" "loadNamespace" "namespaceImport" "loadNamespace" "doTryCatch" "tryCatchOne" "tryCatchList" "tryCatch" "try" "library" 
"get" "assign" "<Anonymous>" "assign" ".mergeImportMethods" "namespaceImportFrom" "namespaceImport" "loadNamespace" "doTryCatch" "tryCatchOne" "tryCatchList" "tryCatch" "try" "library" 
"get" "assign" "<Anonymous>" "assign" ".mergeImportMethods" "namespaceImportFrom" "namespaceImport" "loadNamespace" "doTryCatch" "tryCatchOne" "tryCatchList" "tryCatch" "try" "library" 
"get" "assign" "<Anonymous>" "assign" ".mergeImportMethods" "namespaceImportFrom" "namespaceImport" "loadNamespace" "doTryCatch" "tryCatchOne" "tryCatchList" "tryCatch" "try" "library" 
"get" ".mergeImportMethods" "namespaceImportFrom" "namespaceImport" "loadNamespace" "doTryCatch" "tryCatchOne" "tryCatchList" "tryCatch" "try" "library" 
"gzfile" "readRDS" "loadNamespace" "asNamespace" "namespaceImportFrom" "loadNamespace" "doTryCatch" "tryCatchOne" "tryCatchList" "tryCatch" "try" "library" 
"lazyLoadDBfetch" "get" "registerS3methods" "loadNamespace" "asNamespace" "namespaceImportFrom" "loadNamespace" "doTryCatch" "tryCatchOne" "tryCatchList" "tryCatch" "try" "library" 
"gzfile" "readRDS" "loadNamespace" "asNamespace" "namespaceImportFrom" "loadNamespace" "doTryCatch" "tryCatchOne" "tryCatchList" "tryCatch" "try" "library" 
"file" "parse" "sys.source" "doTryCatch" "tryCatchOne" "tryCatchList" "tryCatch" "try" "loadNamespace" "asNamespace" "namespaceImportFrom" "loadNamespace" "doTryCatch" "tryCatchOne" "tryCatchList" "tryCatch" "try" "library" 
"lazyLoadDBfetch" "get" "registerS3methods" "loadNamespace" "asNamespace" "namespaceImportFrom" "loadNamespace" "doTryCatch" "tryCatchOne" "tryCatchList" "tryCatch" "try" "library" 
"gzfile" "readRDS" "lazyLoadDBexec" "lazyLoad" "eval" "eval" "eval" "eval" "eval.parent" "local" "eval" "eval" "sys.source" "doTryCatch" "tryCatchOne" "tryCatchList" "tryCatch" "try" "loadNamespace" "doTryCatch" "tryCatchOne" "tryCatchList" "tryCatch" "try" "library" 
"inDL" "dyn.load" "library.dynam" "loadNamespace" "doTryCatch" "tryCatchOne" "tryCatchList" "tryCatch" "try" "library" 
"inDL" "dyn.load" "library.dynam" "loadNamespace" "doTryCatch" "tryCatchOne" "tryCatchList" "tryCatch" "try" "library" 
"objects" "match" "checkConflicts" "attach" "attachNamespace" "doTryCatch" "tryCatchOne" "tryCatchList" "tryCatch" "try" "library" 
"match" "%in%" "checkConflicts" "library" 
"objects" "match" "checkConflicts" "library" 
"validObject" "initialize" "standardGeneric" "initialize" "new" "newClassRepresentation" "makeClassRepresentation" "getClass" ".findInheritedMethods" "<Anonymous>" "standardGeneric" "plot" "aggr_work" "aggr.data.frame" "aggr" 
".Call" "RStudioGD" ".External2" "par" "plot.aggr" "plot" "standardGeneric" "plot" "aggr_work" "aggr.data.frame" "aggr" 
".External" "<Anonymous>" "doTryCatch" "tryCatchOne" "tryCatchList" "tryCatch" "try" ".Call" "RStudioGD" ".External2" "par" "plot.aggr" "plot" "standardGeneric" "plot" "aggr_work" "aggr.data.frame" "aggr" 
".External" "<Anonymous>" "doTryCatch" "tryCatchOne" "tryCatchList" "tryCatch" "try" ".Call" "RStudioGD" ".External2" "par" "plot.aggr" "plot" "standardGeneric" "plot" "aggr_work" "aggr.data.frame" "aggr" 
".External" "<Anonymous>" "doTryCatch" "tryCatchOne" "tryCatchList" "tryCatch" "try" ".Call" "RStudioGD" ".External2" "par" "plot.aggr" "plot" "standardGeneric" "plot" "aggr_work" "aggr.data.frame" "aggr" 
".Call" "RStudioGD" ".External2" "par" "plot.aggr" "plot" "standardGeneric" "plot" "aggr_work" "aggr.data.frame" "aggr" 
".External2" "par" "plot.aggr" "plot" "standardGeneric" "plot" "aggr_work" "aggr.data.frame" "aggr" 
"rect" "xyrect" "barplot.default" "barplot" "plot.aggr" "plot" "standardGeneric" "plot" "aggr_work" "aggr.data.frame" "aggr" 
"[.data.frame" "[" "cbind" "merge.data.frame" "merge" "standardGeneric" "merge" "plot.aggr" "plot" "standardGeneric" "plot" "aggr_work" "aggr.data.frame" "aggr" 
".External" "<Anonymous>" "doTryCatch" "tryCatchOne" "tryCatchList" "tryCatch" "try" 
".External2" "plot.new" "barplot.default" "barplot" "plot.aggr" "plot" "standardGeneric" "plot" "aggr_work" "aggr.data.frame" "aggr" 
"aperm.default" "aperm" "apply" "aggr_work" "aggr.data.frame" "aggr" 
".External2" "plot.new" "barplot.default" "barplot" "plot.aggr" "plot" "standardGeneric" "plot" "aggr_work" "aggr.data.frame" "aggr" 
"expand.grid" "merge.data.frame" "merge" "standardGeneric" "merge" "matrixplot_work" "matrixplot.data.frame" "matrixplot" 
".External2" "plot.new" "initializeWindow" "matrixplot_work" "matrixplot.data.frame" "matrixplot" 
".Call" "cbind" "sRGB" "asMethod" "as" "hex" "colSequenceRGB" "colSequence" "FUN" "apply" "as.vector" "createPlot" "matrixplot_work" "matrixplot.data.frame" "matrixplot" 
".Call" "hex" "colSequenceRGB" "colSequence" "FUN" "apply" "as.vector" "createPlot" "matrixplot_work" "matrixplot.data.frame" "matrixplot" 
"gsub" "checkIntFormat" "<Anonymous>" "doTryCatch" "tryCatchOne" "tryCatchList" "tryCatch" "try" 
"close.connection" "close" "save" "<Anonymous>" 
".External2" "plot.new" "initializeWindow" "matrixplot_work" "matrixplot.data.frame" "matrixplot" 
"parent.frame" "eval" "FUN" "apply" "isNA" "marginplot" 
"box" "marginplot" 
"print.default" "print" "print.data.frame" "print" 
"ls" "apropos" "normalCompletions" "<Anonymous>" "<Anonymous>" 
"ls" "apropos" "normalCompletions" "<Anonymous>" "<Anonymous>" 
"as.list.environment" "as.list" "<Anonymous>" "<Anonymous>" 
"file.path" "file.exists" "find.package" "index.search" "help" "<Anonymous>" 
"structure" ".POSIXct" "file.info" "find.package" "index.search" "help" "<Anonymous>" 
"file.exists" "index.search" "help" "<Anonymous>" 
"set" "lazyLoadDBexec" "<Anonymous>" "<Anonymous>" "prepare_Rd" "Rd2HTML" "<Anonymous>" "<Anonymous>" 
"lazyLoadDBfetch" "fetch" "fun" "lazyLoadDBexec" "<Anonymous>" "<Anonymous>" "prepare_Rd" "Rd2HTML" "<Anonymous>" "<Anonymous>" 
"lazyLoadDBfetch" "fetch" "fun" "lazyLoadDBexec" "<Anonymous>" "<Anonymous>" "prepare_Rd" "Rd2HTML" "<Anonymous>" "<Anonymous>" 
"lazyLoadDBfetch" "fetch" "fun" "lazyLoadDBexec" "<Anonymous>" "<Anonymous>" "prepare_Rd" "Rd2HTML" "<Anonymous>" "<Anonymous>" 
"grep" "isBlankLineRd" "addParaBreaks" "writeLines" "writeLinesUTF8" "of1" "writeBlock" "writeContent" "writeSection" "Rd2HTML" "<Anonymous>" "<Anonymous>" 
"is.pairlist" "eval" "FUN" "lapply" "strSub" "str.default" "NextMethod" "str.data.frame" "str" "doTryCatch" "tryCatchOne" "tryCatchList" "tryCatch" "try" "eval" "eval" "withVisible" "evalVis" "capture.output" ".rs.valueFromStr" "doTryCatch" "tryCatchOne" "tryCatchList" "tryCatch" ".rs.valueContents" "<Anonymous>" 
"print.default" "print" "print.data.frame" "print" 
"unique.default" "unique" "simplify2array" "sapply" "prettyNum" "format.default" "format" "format.fun" "paste" "formObj" "cat" "str.default" "str" "<Anonymous>" "do.call" "strSub" "str.default" "NextMethod" "str.data.frame" "str" "doTryCatch" "tryCatchOne" "tryCatchList" "tryCatch" "try" "eval" "eval" "withVisible" "evalVis" "capture.output" ".rs.valueFromStr" "doTryCatch" "tryCatchOne" "tryCatchList" "tryCatch" ".rs.valueContents" "<Anonymous>" 
"FUN" "lapply" "methods" "doTryCatch" "tryCatchOne" "tryCatchList" "doTryCatch" "tryCatchOne" "tryCatchList" "tryCatch" "functionArgs" "<Anonymous>" "<Anonymous>" 
"FUN" "lapply" "methods" "doTryCatch" "tryCatchOne" "tryCatchList" "doTryCatch" "tryCatchOne" "tryCatchList" "tryCatch" "functionArgs" "<Anonymous>" "<Anonymous>" 
"ls" "apropos" "normalCompletions" "<Anonymous>" "<Anonymous>" 
"ls" "apropos" "normalCompletions" "<Anonymous>" "<Anonymous>" 
"%in%" "structure" ".POSIXct" "file.info" "find.package" "index.search" "help" "<Anonymous>" 
"list.files" "find.package" "index.search" "help" "<Anonymous>" 
"readRDS" "index.search" "help" "<Anonymous>" 
"grep" "isBlankLineRd" "addParaBreaks" "writeLines" "writeLinesUTF8" "of1" "writeBlock" "writeContent" "writeSection" "Rd2HTML" "<Anonymous>" "<Anonymous>" 
"psub" "htmlify" "isBlankLineRd" "addParaBreaks" "writeLines" "writeLinesUTF8" "of1" "writeBlock" "writeContent" "writeSection" "Rd2HTML" "<Anonymous>" "<Anonymous>" 
"FUN" "lapply" "methods" "doTryCatch" "tryCatchOne" "tryCatchList" "doTryCatch" "tryCatchOne" "tryCatchList" "tryCatch" "functionArgs" "<Anonymous>" "<Anonymous>" 
"ls" "apropos" "normalCompletions" "<Anonymous>" "<Anonymous>" 
"list.files" "find.package" "index.search" "help" "<Anonymous>" 
"getNamespace" "asNamespace" "getNamespaceInfo" "find.package" "index.search" "help" "<Anonymous>" 
"gzfile" "readRDS" "index.search" "help" "<Anonymous>" 
"psub" "htmlify" "isBlankLineRd" "addParaBreaks" "writeLines" "writeLinesUTF8" "of1" "writeBlock" "writeContent" "writeSection" "Rd2HTML" "<Anonymous>" "<Anonymous>" 
"grepl" "addParaBreaks" "writeLines" "writeLinesUTF8" "of1" "writeBlock" "writeContent" "writeSection" "Rd2HTML" "<Anonymous>" "<Anonymous>" 
"as.character" "structure" "grep" "isBlankRd" "writeWrapped" "writeBlock" "writeContent" "writeSection" "Rd2HTML" "<Anonymous>" "<Anonymous>" 
"psub" "htmlify" "isBlankLineRd" "addParaBreaks" "writeLines" "writeLinesUTF8" "of1" "writeBlock" "writeContent" "writeSection" "Rd2HTML" "<Anonymous>" "<Anonymous>" 
"list.files" "find.package" "index.search" "help" "<Anonymous>" 
"gzfile" "readRDS" "FUN" "lapply" "find.package" "index.search" "help" "<Anonymous>" 
"ls" "loadedNamespaces" "match" "%in%" "find.package" "index.search" "help" "<Anonymous>" 
"readRDS" "index.search" "help" "<Anonymous>" 
"existsInFrame" "<Anonymous>" "lazyLoadDBfetch" "fetch" "fun" "lazyLoadDBexec" "<Anonymous>" "<Anonymous>" "prepare_Rd" "Rd2HTML" "<Anonymous>" "<Anonymous>" 
"psub" "htmlify" "isBlankLineRd" "addParaBreaks" "writeLines" "writeLinesUTF8" "of1" "writeBlock" "writeContent" "writeSection" "Rd2HTML" "<Anonymous>" "<Anonymous>" 
"psub" "htmlify" "isBlankLineRd" "addParaBreaks" "writeLines" "writeLinesUTF8" "of1" "writeBlock" "writeContent" "writeBlock" "writeContent" "writeSection" "Rd2HTML" "<Anonymous>" "<Anonymous>" 
"grep" "isBlankRd" "writeWrapped" "writeBlock" "writeContent" "writeContent" "writeBlock" "writeContent" "writeSection" "Rd2HTML" "<Anonymous>" "<Anonymous>" 
"structure" "grep" "isBlankRd" "writeWrapped" "writeBlock" "writeContent" "writeContent" "writeBlock" "writeContent" "writeSection" "Rd2HTML" "<Anonymous>" "<Anonymous>" 
"psub" "htmlify" "isBlankLineRd" "addParaBreaks" "writeLines" "writeLinesUTF8" "of1" "writeBlock" "writeContent" "writeContent" "writeBlock" "writeContent" "writeSection" "Rd2HTML" "<Anonymous>" "<Anonymous>" 
"psub" "htmlify" "isBlankLineRd" "addParaBreaks" "writeLines" "writeLinesUTF8" "of1" "writeBlock" "writeContent" "writeBlock" "writeContent" "writeSection" "Rd2HTML" "<Anonymous>" "<Anonymous>" 
"as.list" "lapply" "sapply" "RdTags" "get_link" "writeLink" "writeBlock" "writeContent" "writeWrapped" "writeBlock" "writeContent" "writeContent" "writeBlock" "writeContent" "writeSection" "Rd2HTML" "<Anonymous>" "<Anonymous>" 
"psub" "htmlify" "isBlankLineRd" "addParaBreaks" "writeLines" "writeLinesUTF8" "of1" "writeBlock" "writeContent" "writeHref" "writeLink" "writeBlock" "writeContent" "writeWrapped" "writeBlock" "writeContent" "writeContent" "writeBlock" "writeContent" "writeSection" "Rd2HTML" "<Anonymous>" "<Anonymous>" 
"grepl" "addParaBreaks" "writeLines" "writeLinesUTF8" "of1" "writeBlock" "writeContent" "writeBlock" "writeContent" "writeSection" "Rd2HTML" "<Anonymous>" "<Anonymous>" 
"as.list" "lapply" "sapply" "RdTags" "writeContent" "writeWrapped" "writeBlock" "writeContent" "writeContent" "writeBlock" "writeContent" "writeSection" "Rd2HTML" "<Anonymous>" "<Anonymous>" 
"psub" "htmlify" "isBlankLineRd" "addParaBreaks" "writeLines" "writeLinesUTF8" "of1" "writeBlock" "writeContent" "writeHref" "writeLink" "writeBlock" "writeContent" "writeWrapped" "writeBlock" "writeContent" "writeContent" "writeBlock" "writeContent" "writeSection" "Rd2HTML" "<Anonymous>" "<Anonymous>" 
"grep" "isBlankLineRd" "addParaBreaks" "writeLines" "writeLinesUTF8" "of1" "writeBlock" "writeContent" "writeContent" "writeBlock" "writeContent" "writeSection" "Rd2HTML" "<Anonymous>" "<Anonymous>" 
"grep" "isBlankLineRd" "addParaBreaks" "writeLines" "writeLinesUTF8" "of1" "writeBlock" "writeContent" "writeContent" "writeBlock" "writeContent" "writeSection" "Rd2HTML" "<Anonymous>" "<Anonymous>" 
"RdTags" "writeContent" "writeWrapped" "writeBlock" "writeTabular" "writeBlock" "writeContent" "writeSection" "Rd2HTML" "<Anonymous>" "<Anonymous>" 
"grep" "isBlankLineRd" "addParaBreaks" "writeLines" "writeLinesUTF8" "of1" "writeBlock" "writeContent" "writeBlock" "writeContent" "writeSection" "Rd2HTML" "<Anonymous>" "<Anonymous>" 
"grepl" "addParaBreaks" "writeLines" "writeLinesUTF8" "of1" "writeBlock" "writeContent" "writeContent" "writeBlock" "writeContent" "writeSection" "Rd2HTML" "<Anonymous>" "<Anonymous>" 
"grep" "isBlankLineRd" "addParaBreaks" "writeLines" "writeLinesUTF8" "of1" "writeBlock" "writeContent" "writeBlock" "writeContent" "writeSection" "Rd2HTML" "<Anonymous>" "<Anonymous>" 
"paste0" "writeLines" "writeLinesUTF8" "of0" "writeWrapped" "writeBlock" "writeContent" "writeContent" "writeBlock" "writeContent" "writeSection" "Rd2HTML" "<Anonymous>" "<Anonymous>" 
"psub" "addParaBreaks" "writeLines" "writeLinesUTF8" "of1" "writeBlock" "writeContent" "writeBlock" "writeContent" "writeSection" "Rd2HTML" "<Anonymous>" "<Anonymous>" 
"grep" "isBlankRd" "writeContent" "writeBlock" "writeContent" "writeSection" "Rd2HTML" "<Anonymous>" "<Anonymous>" 
"grep" "isBlankLineRd" "addParaBreaks" "writeLines" "writeLinesUTF8" "of1" "writeBlock" "writeContent" "writeContent" "writeBlock" "writeContent" "writeSection" "Rd2HTML" "<Anonymous>" "<Anonymous>" 
"grep" "isBlankRd" "writeContent" "writeBlock" "writeContent" "writeSection" "Rd2HTML" "<Anonymous>" "<Anonymous>" 
"psub" "addParaBreaks" "writeLines" "writeLinesUTF8" "of1" "writeBlock" "writeContent" "writeContent" "writeBlock" "writeContent" "writeSection" "Rd2HTML" "<Anonymous>" "<Anonymous>" 
"psub" "htmlify" "isBlankLineRd" "addParaBreaks" "writeLines" "writeLinesUTF8" "of1" "writeBlock" "writeContent" "writeHref" "writeLink" "writeBlock" "writeContent" "writeContent" "writeBlock" "writeContent" "writeSection" "Rd2HTML" "<Anonymous>" "<Anonymous>" 
"as.environment" "exists" "FUN" "lapply" "sapply" ".rs.which" "sub" "<Anonymous>" 
"$" "FUN" "lapply" "find.package" "index.search" "help" "<Anonymous>" 
"gzfile" "readRDS" "FUN" "lapply" "find.package" "index.search" "help" "<Anonymous>" 
"match" "%in%" "structure" ".POSIXct" "file.info" "find.package" "index.search" "help" "<Anonymous>" 
"readRDS" "index.search" "help" "<Anonymous>" 
"list.files" "find.package" "index.search" "help" "<Anonymous>" 
"[[.data.frame" "[[" "$.data.frame" "$" "find.package" "index.search" "help" "<Anonymous>" 
"ls" "loadedNamespaces" "match" "%in%" "find.package" "index.search" "help" "<Anonymous>" 
"readRDS" "index.search" "help" "<Anonymous>" 
"gsub" "getCurlOptionsConstants" "mapCurlOptNames" "curlSetOpt" "curlPerform" "getURL" "getdata" "eval" "eval" "withVisible" "source" 
".Call" "curlPerform" "getURL" "getdata" "eval" "eval" "withVisible" "source" 
".Call" "curlPerform" "getURL" "getdata" "eval" "eval" "withVisible" "source" 
".Call" "curlPerform" "getURL" "getdata" "eval" "eval" "withVisible" "source" 
".Call" "curlPerform" "getURL" "getdata" "eval" "eval" "withVisible" "source" 
".Call" "curlPerform" "getURL" "getdata" "eval" "eval" "withVisible" "source" 
".Call" "curlPerform" "getURL" "getdata" "eval" "eval" "withVisible" "source" 
".Call" "curlPerform" "getURL" "getdata" "eval" "eval" "withVisible" "source" 
".Call" "curlPerform" "getURL" "getdata" "eval" "eval" "withVisible" "source" 
".Call" "curlPerform" "getURL" "getdata" "eval" "eval" "withVisible" "source" 
".Call" "curlPerform" "getURL" "getdata" "eval" "eval" "withVisible" "source" 
".Call" "curlPerform" "getURL" "getdata" "eval" "eval" "withVisible" "source" 
".Call" "curlPerform" "getURL" "getdata" "eval" "eval" "withVisible" "source" 
".Call" "curlPerform" "getURL" "getdata" "eval" "eval" "withVisible" "source" 
".Call" "curlPerform" "getURL" "getdata" "eval" "eval" "withVisible" "source" 
".Call" "curlPerform" "getURL" "getdata" "eval" "eval" "withVisible" "source" 
".Call" "curlPerform" "getURL" "getdata" "eval" "eval" "withVisible" "source" 
".Call" "curlPerform" "getURL" "getdata" "eval" "eval" "withVisible" "source" 
".Call" "curlPerform" "getURL" "getdata" "eval" "eval" "withVisible" "source" 
".Call" "curlPerform" "getURL" "getdata" "eval" "eval" "withVisible" "source" 
".Call" "curlPerform" "getURL" "getdata" "eval" "eval" "withVisible" "source" 
".Call" "curlPerform" "getURL" "getdata" "eval" "eval" "withVisible" "source" 
".Call" "curlPerform" "getURL" "getdata" "eval" "eval" "withVisible" "source" 
".Call" "curlPerform" "getURL" "getdata" "eval" "eval" "withVisible" "source" 
".Call" "curlPerform" "getURL" "getdata" "eval" "eval" "withVisible" "source" 
".Call" "curlPerform" "getURL" "getdata" "eval" "eval" "withVisible" "source" 
".Call" "curlPerform" "getURL" "getdata" "eval" "eval" "withVisible" "source" 
".Call" "curlPerform" "getURL" "getdata" "eval" "eval" "withVisible" "source" 
".Call" "curlPerform" "getURL" "getdata" "eval" "eval" "withVisible" "source" 
".Call" "curlPerform" "getURL" "getdata" "eval" "eval" "withVisible" "source" 
".Call" "curlPerform" "getURL" "getdata" "eval" "eval" "withVisible" "source" 
".Call" "curlPerform" "getURL" "getdata" "eval" "eval" "withVisible" "source" 
".Call" "curlPerform" "getURL" "getdata" "eval" "eval" "withVisible" "source" 
".Call" "curlPerform" "getURL" "getdata" "eval" "eval" "withVisible" "source" 
".Call" "curlPerform" "getURL" "getdata" "eval" "eval" "withVisible" "source" 
".Call" "curlPerform" "getURL" "getdata" "eval" "eval" "withVisible" "source" 
".Call" "curlPerform" "getURL" "getdata" "eval" "eval" "withVisible" "source" 
".Call" "curlPerform" "getURL" "getdata" "eval" "eval" "withVisible" "source" 
".Call" "curlPerform" "getURL" "getdata" "eval" "eval" "withVisible" "source" 
".Call" "curlPerform" "getURL" "getdata" "eval" "eval" "withVisible" "source" 
".Call" "curlPerform" "getURL" "getdata" "eval" "eval" "withVisible" "source" 
".Call" "curlPerform" "getURL" "getdata" "eval" "eval" "withVisible" "source" 
".Call" "curlPerform" "getURL" "getdata" "eval" "eval" "withVisible" "source" 
".Call" "curlPerform" "getURL" "getdata" "eval" "eval" "withVisible" "source" 
".Call" "curlPerform" "getURL" "getdata" "eval" "eval" "withVisible" "source" 
".Call" "curlPerform" "getURL" "getdata" "eval" "eval" "withVisible" "source" 
".Call" "curlPerform" "getURL" "getdata" "eval" "eval" "withVisible" "source" 
".Call" "curlPerform" "getURL" "getdata" "eval" "eval" "withVisible" "source" 
".Call" "curlPerform" "getURL" "getdata" "eval" "eval" "withVisible" "source" 
".Call" "curlPerform" "getURL" "getdata" "eval" "eval" "withVisible" "source" 
".Call" "curlPerform" "getURL" "getdata" "eval" "eval" "withVisible" "source" 
".Call" "curlPerform" "getURL" "getdata" "eval" "eval" "withVisible" "source" 
".Call" "curlPerform" "getURL" "getdata" "eval" "eval" "withVisible" "source" 
".Call" "curlPerform" "getURL" "getdata" "eval" "eval" "withVisible" "source" 
".Call" "curlPerform" "getURL" "getdata" "eval" "eval" "withVisible" "source" 
".Call" "curlPerform" "getURL" "getdata" "eval" "eval" "withVisible" "source" 
".Call" "curlPerform" "getURL" "getdata" "eval" "eval" "withVisible" "source" 
".Call" "curlPerform" "getURL" "getdata" "eval" "eval" "withVisible" "source" 
".Call" "curlPerform" "getURL" "getdata" "eval" "eval" "withVisible" "source" 
".Call" "curlPerform" "getURL" "getdata" "eval" "eval" "withVisible" "source" 
".Call" "curlPerform" "getURL" "getdata" "eval" "eval" "withVisible" "source" 
".Call" "curlPerform" "getURL" "getdata" "eval" "eval" "withVisible" "source" 
".Call" "curlPerform" "getURL" "getdata" "eval" "eval" "withVisible" "source" 
".Call" "curlPerform" "getURL" "getdata" "eval" "eval" "withVisible" "source" 
".Call" "curlPerform" "getURL" "getdata" "eval" "eval" "withVisible" "source" 
".Call" "curlPerform" "getURL" "getdata" "eval" "eval" "withVisible" "source" 
".Call" "curlPerform" "getURL" "getdata" "eval" "eval" "withVisible" "source" 
".Call" "curlPerform" "getURL" "getdata" "eval" "eval" "withVisible" "source" 
".Call" "curlPerform" "getURL" "getdata" "eval" "eval" "withVisible" "source" 
".Call" "curlPerform" "getURL" "getdata" "eval" "eval" "withVisible" "source" 
".Call" "curlPerform" "getURL" "getdata" "eval" "eval" "withVisible" "source" 
".Call" "curlPerform" "getURL" "getdata" "eval" "eval" "withVisible" "source" 
".Call" "curlPerform" "getURL" "getdata" "eval" "eval" "withVisible" "source" 
".Call" "curlPerform" "getURL" "getdata" "eval" "eval" "withVisible" "source" 
".Call" "curlPerform" "getURL" "getdata" "eval" "eval" "withVisible" "source" 
".Call" "curlPerform" "getURL" "getdata" "eval" "eval" "withVisible" "source" 
".Call" "curlPerform" "getURL" "getdata" "eval" "eval" "withVisible" "source" 
".Call" "curlPerform" "getURL" "getdata" "eval" "eval" "withVisible" "source" 
".Call" "curlPerform" "getURL" "getdata" "eval" "eval" "withVisible" "source" 
".Call" "curlPerform" "getURL" "getdata" "eval" "eval" "withVisible" "source" 
".Call" "curlPerform" "getURL" "getdata" "eval" "eval" "withVisible" "source" 
".Call" "curlPerform" "getURL" "getdata" "eval" "eval" "withVisible" "source" 
".Call" "curlPerform" "getURL" "getdata" "eval" "eval" "withVisible" "source" 
".Call" "curlPerform" "getURL" "getdata" "eval" "eval" "withVisible" "source" 
".Call" "curlPerform" "getURL" "getdata" "eval" "eval" "withVisible" "source" 
".Call" "curlPerform" "getURL" "getdata" "eval" "eval" "withVisible" "source" 
".Call" "curlPerform" "getURL" "getdata" "eval" "eval" "withVisible" "source" 
".Call" "curlPerform" "getURL" "getdata" "eval" "eval" "withVisible" "source" 
".Call" "curlPerform" "getURL" "getdata" "eval" "eval" "withVisible" "source" 
".Call" "curlPerform" "getURL" "getdata" "eval" "eval" "withVisible" "source" 
".Call" "curlPerform" "getURL" "getdata" "eval" "eval" "withVisible" "source" 
".Call" "curlPerform" "getURL" "getdata" "eval" "eval" "withVisible" "source" 
".Call" "curlPerform" "getURL" "getdata" "eval" "eval" "withVisible" "source" 
".Call" "curlPerform" "getURL" "getdata" "eval" "eval" "withVisible" "source" 
".Call" "curlPerform" "getURL" "getdata" "eval" "eval" "withVisible" "source" 
".Call" "curlPerform" "getURL" "getdata" "eval" "eval" "withVisible" "source" 
".Call" "curlPerform" "getURL" "getdata" "eval" "eval" "withVisible" "source" 
".Call" "curlPerform" "getURL" "getdata" "eval" "eval" "withVisible" "source" 
".Call" "curlPerform" "getURL" "getdata" "eval" "eval" "withVisible" "source" 
".Call" "curlPerform" "getURL" "getdata" "eval" "eval" "withVisible" "source" 
".Call" "curlPerform" "getURL" "getdata" "eval" "eval" "withVisible" "source" 
".Call" "curlPerform" "getURL" "getdata" "eval" "eval" "withVisible" "source" 
".Call" "curlPerform" "getURL" "getdata" "eval" "eval" "withVisible" "source" 
".Call" "curlPerform" "getURL" "getdata" "eval" "eval" "withVisible" "source" 
".Call" "curlPerform" "getURL" "getdata" "eval" "eval" "withVisible" "source" 
".Call" "curlPerform" "getURL" "getdata" "eval" "eval" "withVisible" "source" 
".Call" "curlPerform" "getURL" "getdata" "eval" "eval" "withVisible" "source" 
".Call" "curlPerform" "getURL" "getdata" "eval" "eval" "withVisible" "source" 
".Call" "curlPerform" "getURL" "getdata" "eval" "eval" "withVisible" "source" 
".Call" "curlPerform" "getURL" "getdata" "eval" "eval" "withVisible" "source" 
".Call" "curlPerform" "getURL" "getdata" "eval" "eval" "withVisible" "source" 
".Call" "curlPerform" "getURL" "getdata" "eval" "eval" "withVisible" "source" 
".Call" "curlPerform" "getURL" "getdata" "eval" "eval" "withVisible" "source" 
".Call" "curlPerform" "getURL" "getdata" "eval" "eval" "withVisible" "source" 
".Call" "curlPerform" "getURL" "getdata" "eval" "eval" "withVisible" "source" 
".Call" "curlPerform" "getURL" "getdata" "eval" "eval" "withVisible" "source" 
".Call" "curlPerform" "getURL" "getdata" "eval" "eval" "withVisible" "source" 
".Call" "curlPerform" "getURL" "getdata" "eval" "eval" "withVisible" "source" 
".Call" "curlPerform" "getURL" "getdata" "eval" "eval" "withVisible" "source" 
".Call" "curlPerform" "getURL" "getdata" "eval" "eval" "withVisible" "source" 
".Call" "curlPerform" "getURL" "getdata" "eval" "eval" "withVisible" "source" 
".Call" "curlPerform" "getURL" "getdata" "eval" "eval" "withVisible" "source" 
".Call" "curlPerform" "getURL" "getdata" "eval" "eval" "withVisible" "source" 
".Call" "curlPerform" "getURL" "getdata" "eval" "eval" "withVisible" "source" 
".Call" "curlPerform" "getURL" "getdata" "eval" "eval" "withVisible" "source" 
".Call" "curlPerform" "getURL" "getdata" "eval" "eval" "withVisible" "source" 
".Call" "curlPerform" "getURL" "getdata" "eval" "eval" "withVisible" "source" 
".Call" "curlPerform" "getURL" "getdata" "eval" "eval" "withVisible" "source" 
".Call" "curlPerform" "getURL" "getdata" "eval" "eval" "withVisible" "source" 
".Call" "curlPerform" "getURL" "getdata" "eval" "eval" "withVisible" "source" 
".Call" "curlPerform" "getURL" "getdata" "eval" "eval" "withVisible" "source" 
".Call" "curlPerform" "getURL" "getdata" "eval" "eval" "withVisible" "source" 
".Call" "curlPerform" "getURL" "getdata" "eval" "eval" "withVisible" "source" 
".Call" "curlPerform" "getURL" "getdata" "eval" "eval" "withVisible" "source" 
".Call" "curlPerform" "getURL" "getdata" "eval" "eval" "withVisible" "source" 
".Call" "curlPerform" "getURL" "getdata" "eval" "eval" "withVisible" "source" 
".Call" "curlPerform" "getURL" "getdata" "eval" "eval" "withVisible" "source" 
".Call" "curlPerform" "getURL" "getdata" "eval" "eval" "withVisible" "source" 
".Call" "curlPerform" "getURL" "getdata" "eval" "eval" "withVisible" "source" 
".Call" "curlPerform" "getURL" "getdata" "eval" "eval" "withVisible" "source" 
".Call" "curlPerform" "getURL" "getdata" "eval" "eval" "withVisible" "source" 
".Call" "curlPerform" "getURL" "getdata" "eval" "eval" "withVisible" "source" 
".Call" "curlPerform" "getURL" "getdata" "eval" "eval" "withVisible" "source" 
".Call" "curlPerform" "getURL" "getdata" "eval" "eval" "withVisible" "source" 
".Call" "curlPerform" "getURL" "getdata" "eval" "eval" "withVisible" "source" 
".Call" "curlPerform" "getURL" "getdata" "eval" "eval" "withVisible" "source" 
".Call" "curlPerform" "getURL" "getdata" "eval" "eval" "withVisible" "source" 
".Call" "curlPerform" "getURL" "getdata" "eval" "eval" "withVisible" "source" 
".Call" "curlPerform" "getURL" "getdata" "eval" "eval" "withVisible" "source" 
".Call" "curlPerform" "getURL" "getdata" "eval" "eval" "withVisible" "source" 
".Call" "curlPerform" "getURL" "getdata" "eval" "eval" "withVisible" "source" 
".Call" "curlPerform" "getURL" "getdata" "eval" "eval" "withVisible" "source" 
".Call" "curlPerform" "getURL" "getdata" "eval" "eval" "withVisible" "source" 
".Call" "curlPerform" "getURL" "getdata" "eval" "eval" "withVisible" "source" 
".Call" "curlPerform" "getURL" "getdata" "eval" "eval" "withVisible" "source" 
".Call" "curlPerform" "getURL" "getdata" "eval" "eval" "withVisible" "source" 
".Call" "curlPerform" "getURL" "getdata" "eval" "eval" "withVisible" "source" 
".Call" "curlPerform" "getURL" "getdata" "eval" "eval" "withVisible" "source" 
".Call" "curlPerform" "getURL" "getdata" "eval" "eval" "withVisible" "source" 
".Call" "curlPerform" "getURL" "getdata" "eval" "eval" "withVisible" "source" 
".Call" "curlPerform" "getURL" "getdata" "eval" "eval" "withVisible" "source" 
".Call" "curlPerform" "getURL" "getdata" "eval" "eval" "withVisible" "source" 
".Call" "curlPerform" "getURL" "getdata" "eval" "eval" "withVisible" "source" 
".Call" "curlPerform" "getURL" "getdata" "eval" "eval" "withVisible" "source" 
".Call" "curlPerform" "getURL" "getdata" "eval" "eval" "withVisible" "source" 
".Call" "curlPerform" "getURL" "getdata" "eval" "eval" "withVisible" "source" 
".Call" "curlPerform" "getURL" "getdata" "eval" "eval" "withVisible" "source" 
".Call" "curlPerform" "getURL" "getdata" "eval" "eval" "withVisible" "source" 
".Call" "curlPerform" "getURL" "getdata" "eval" "eval" "withVisible" "source" 
".Call" "curlPerform" "getURL" "getdata" "eval" "eval" "withVisible" "source" 
".Call" "curlPerform" "getURL" "getdata" "eval" "eval" "withVisible" "source" 
".Call" "curlPerform" "getURL" "getdata" "eval" "eval" "withVisible" "source" 
".Call" "curlPerform" "getURL" "getdata" "eval" "eval" "withVisible" "source" 
".Call" "curlPerform" "getURL" "getdata" "eval" "eval" "withVisible" "source" 
".Call" "curlPerform" "getURL" "getdata" "eval" "eval" "withVisible" "source" 
".Call" "curlPerform" "getURL" "getdata" "eval" "eval" "withVisible" "source" 
".Call" "curlPerform" "getURL" "getdata" "eval" "eval" "withVisible" "source" 
".Call" "curlPerform" "getURL" "getdata" "eval" "eval" "withVisible" "source" 
".Call" "curlPerform" "getURL" "getdata" "eval" "eval" "withVisible" "source" 
".Call" "curlPerform" "getURL" "getdata" "eval" "eval" "withVisible" "source" 
".Call" "curlPerform" "getURL" "getdata" "eval" "eval" "withVisible" "source" 
".Call" "curlPerform" "getURL" "getdata" "eval" "eval" "withVisible" "source" 
".Call" "curlPerform" "getURL" "getdata" "eval" "eval" "withVisible" "source" 
".Call" "curlPerform" "getURL" "getdata" "eval" "eval" "withVisible" "source" 
".Call" "curlPerform" "getURL" "getdata" "eval" "eval" "withVisible" "source" 
".Call" "curlPerform" "getURL" "getdata" "eval" "eval" "withVisible" "source" 
".Call" "curlPerform" "getURL" "getdata" "eval" "eval" "withVisible" "source" 
".Call" "curlPerform" "getURL" "getdata" "eval" "eval" "withVisible" "source" 
".Call" "curlPerform" "getURL" "getdata" "eval" "eval" "withVisible" "source" 
".Call" "curlPerform" "getURL" "getdata" "eval" "eval" "withVisible" "source" 
".Call" "curlPerform" "getURL" "getdata" "eval" "eval" "withVisible" "source" 
".Call" "curlPerform" "getURL" "getdata" "eval" "eval" "withVisible" "source" 
".Call" "curlPerform" "getURL" "getdata" "eval" "eval" "withVisible" "source" 
"ls" "loadedNamespaces" "match" "%in%" ".requirePackage" ".classDefEnv" "exists" "getClassDef" "is" "doTryCatch" "tryCatchOne" "tryCatchList" "tryCatch" ".rs.valueDescription" "<Anonymous>" 
"rev" "curlOptions" "curlSetOpt" "getCurlHandle" "curlPerform" "getURL" "getdata" "eval" "eval" "withVisible" "source" 
".Call" "curlPerform" "getURL" "getdata" "eval" "eval" "withVisible" "source" 
".Call" "curlPerform" "getURL" "getdata" "eval" "eval" "withVisible" "source" 
".Call" "curlPerform" "getURL" "getdata" "eval" "eval" "withVisible" "source" 
".Call" "curlPerform" "getURL" "getdata" "eval" "eval" "withVisible" "source" 
".Call" "curlPerform" "getURL" "getdata" "eval" "eval" "withVisible" "source" 
".Call" "curlPerform" "getURL" "getdata" "eval" "eval" "withVisible" "source" 
".Call" "curlPerform" "getURL" "getdata" "eval" "eval" "withVisible" "source" 
".Call" "curlPerform" "getURL" "getdata" "eval" "eval" "withVisible" "source" 
".Call" "curlPerform" "getURL" "getdata" "eval" "eval" "withVisible" "source" 
".Call" "curlPerform" "getURL" "getdata" "eval" "eval" "withVisible" "source" 
".Call" "curlPerform" "getURL" "getdata" "eval" "eval" "withVisible" "source" 
".Call" "curlPerform" "getURL" "getdata" "eval" "eval" "withVisible" "source" 
".Call" "curlPerform" "getURL" "getdata" "eval" "eval" "withVisible" "source" 
".Call" "curlPerform" "getURL" "getdata" "eval" "eval" "withVisible" "source" 
".Call" "curlPerform" "getURL" "getdata" "eval" "eval" "withVisible" "source" 
".Call" "curlPerform" "getURL" "getdata" "eval" "eval" "withVisible" "source" 
".Call" "curlPerform" "getURL" "getdata" "eval" "eval" "withVisible" "source" 
".Call" "curlPerform" "getURL" "getdata" "eval" "eval" "withVisible" "source" 
".Call" "curlPerform" "getURL" "getdata" "eval" "eval" "withVisible" "source" 
".Call" "curlPerform" "getURL" "getdata" "eval" "eval" "withVisible" "source" 
".Call" "curlPerform" "getURL" "getdata" "eval" "eval" "withVisible" "source" 
".Call" "curlPerform" "getURL" "getdata" "eval" "eval" "withVisible" "source" 
".Call" "curlPerform" "getURL" "getdata" "eval" "eval" "withVisible" "source" 
".Call" "curlPerform" "getURL" "getdata" "eval" "eval" "withVisible" "source" 
".Call" "curlPerform" "getURL" "getdata" "eval" "eval" "withVisible" "source" 
".Call" "curlPerform" "getURL" "getdata" "eval" "eval" "withVisible" "source" 
".Call" "curlPerform" "getURL" "getdata" "eval" "eval" "withVisible" "source" 
".Call" "curlPerform" "getURL" "getdata" "eval" "eval" "withVisible" "source" 
".Call" "curlPerform" "getURL" "getdata" "eval" "eval" "withVisible" "source" 
".Call" "curlPerform" "getURL" "getdata" "eval" "eval" "withVisible" "source" 
".Call" "curlPerform" "getURL" "getdata" "eval" "eval" "withVisible" "source" 
".Call" "curlPerform" "getURL" "getdata" "eval" "eval" "withVisible" "source" 
".Call" "curlPerform" "getURL" "getdata" "eval" "eval" "withVisible" "source" 
".Call" "curlPerform" "getURL" "getdata" "eval" "eval" "withVisible" "source" 
".Call" "curlPerform" "getURL" "getdata" "eval" "eval" "withVisible" "source" 
".Call" "curlPerform" "getURL" "getdata" "eval" "eval" "withVisible" "source" 
".Call" "curlPerform" "getURL" "getdata" "eval" "eval" "withVisible" "source" 
".Call" "curlPerform" "getURL" "getdata" "eval" "eval" "withVisible" "source" 
".Call" "curlPerform" "getURL" "getdata" "eval" "eval" "withVisible" "source" 
".Call" "curlPerform" "getURL" "getdata" "eval" "eval" "withVisible" "source" 
".Call" "curlPerform" "getURL" "getdata" "eval" "eval" "withVisible" "source" 
".Call" "curlPerform" "getURL" "getdata" "eval" "eval" "withVisible" "source" 
".Call" "curlPerform" "getURL" "getdata" "eval" "eval" "withVisible" "source" 
".Call" "curlPerform" "getURL" "getdata" "eval" "eval" "withVisible" "source" 
".Call" "curlPerform" "getURL" "getdata" "eval" "eval" "withVisible" "source" 
".Call" "curlPerform" "getURL" "getdata" "eval" "eval" "withVisible" "source" 
".Call" "curlPerform" "getURL" "getdata" "eval" "eval" "withVisible" "source" 
".Call" "curlPerform" "getURL" "getdata" "eval" "eval" "withVisible" "source" 
".Call" "curlPerform" "getURL" "getdata" "eval" "eval" "withVisible" "source" 
".Call" "curlPerform" "getURL" "getdata" "eval" "eval" "withVisible" "source" 
".Call" "curlPerform" "getURL" "getdata" "eval" "eval" "withVisible" "source" 
".Call" "curlPerform" "getURL" "getdata" "eval" "eval" "withVisible" "source" 
".Call" "curlPerform" "getURL" "getdata" "eval" "eval" "withVisible" "source" 
".Call" "curlPerform" "getURL" "getdata" "eval" "eval" "withVisible" "source" 
".Call" "curlPerform" "getURL" "getdata" "eval" "eval" "withVisible" "source" 
".Call" "curlPerform" "getURL" "getdata" "eval" "eval" "withVisible" "source" 
".Call" "curlPerform" "getURL" "getdata" "eval" "eval" "withVisible" "source" 
".Call" "curlPerform" "getURL" "getdata" "eval" "eval" "withVisible" "source" 
".Call" "curlPerform" "getURL" "getdata" "eval" "eval" "withVisible" "source" 
".Call" "curlPerform" "getURL" "getdata" "eval" "eval" "withVisible" "source" 
".Call" "curlPerform" "getURL" "getdata" "eval" "eval" "withVisible" "source" 
".Call" "curlPerform" "getURL" "getdata" "eval" "eval" "withVisible" "source" 
".Call" "curlPerform" "getURL" "getdata" "eval" "eval" "withVisible" "source" 
".Call" "curlPerform" "getURL" "getdata" "eval" "eval" "withVisible" "source" 
".Call" "curlPerform" "getURL" "getdata" "eval" "eval" "withVisible" "source" 
".Call" "curlPerform" "getURL" "getdata" "eval" "eval" "withVisible" "source" 
".Call" "curlPerform" "getURL" "getdata" "eval" "eval" "withVisible" "source" 
".Call" "curlPerform" "getURL" "getdata" "eval" "eval" "withVisible" "source" 
".Call" "curlPerform" "getURL" "getdata" "eval" "eval" "withVisible" "source" 
".Call" "curlPerform" "getURL" "getdata" "eval" "eval" "withVisible" "source" 
".Call" "curlPerform" "getURL" "getdata" "eval" "eval" "withVisible" "source" 
".Call" "curlPerform" "getURL" "getdata" "eval" "eval" "withVisible" "source" 
".Call" "curlPerform" "getURL" "getdata" "eval" "eval" "withVisible" "source" 
".Call" "curlPerform" "getURL" "getdata" "eval" "eval" "withVisible" "source" 
".Call" "curlPerform" "getURL" "getdata" "eval" "eval" "withVisible" "source" 
".Call" "curlPerform" "getURL" "getdata" "eval" "eval" "withVisible" "source" 
".Call" "curlPerform" "getURL" "getdata" "eval" "eval" "withVisible" "source" 
".Call" "curlPerform" "getURL" "getdata" "eval" "eval" "withVisible" "source" 
".Call" "curlPerform" "getURL" "getdata" "eval" "eval" "withVisible" "source" 
".Call" "curlPerform" "getURL" "getdata" "eval" "eval" "withVisible" "source" 
".Call" "curlPerform" "getURL" "getdata" "eval" "eval" "withVisible" "source" 
".Call" "curlPerform" "getURL" "getdata" "eval" "eval" "withVisible" "source" 
".Call" "curlPerform" "getURL" "getdata" "eval" "eval" "withVisible" "source" 
".Call" "curlPerform" "getURL" "getdata" "eval" "eval" "withVisible" "source" 
".Call" "curlPerform" "getURL" "getdata" "eval" "eval" "withVisible" "source" 
".Call" "curlPerform" "getURL" "getdata" "eval" "eval" "withVisible" "source" 
".Call" "curlPerform" "getURL" "getdata" "eval" "eval" "withVisible" "source" 
".Call" "curlPerform" "getURL" "getdata" "eval" "eval" "withVisible" "source" 
".Call" "curlPerform" "getURL" "getdata" "eval" "eval" "withVisible" "source" 
".Call" "curlPerform" "getURL" "getdata" "eval" "eval" "withVisible" "source" 
".Call" "curlPerform" "getURL" "getdata" "eval" "eval" "withVisible" "source" 
".Call" "curlPerform" "getURL" "getdata" "eval" "eval" "withVisible" "source" 
".Call" "curlPerform" "getURL" "getdata" "eval" "eval" "withVisible" "source" 
".Call" "curlPerform" "getURL" "getdata" "eval" "eval" "withVisible" "source" 
".Call" "curlPerform" "getURL" "getdata" "eval" "eval" "withVisible" "source" 
".Call" "curlPerform" "getURL" "getdata" "eval" "eval" "withVisible" "source" 
".Call" "curlPerform" "getURL" "getdata" "eval" "eval" "withVisible" "source" 
"match.arg" "sink" "capture.output" ".rs.getSignature" "doTryCatch" "tryCatchOne" "tryCatchList" "tryCatch" ".rs.valueAsString" "<Anonymous>" 
"ls" "loadedNamespaces" "match" "%in%" ".requirePackage" ".classDefEnv" "exists" "getClassDef" "is" "doTryCatch" "tryCatchOne" "tryCatchList" "tryCatch" ".rs.valueDescription" "<Anonymous>" 
".Call" "curlPerform" "getURL" "getdata" "eval" "eval" "withVisible" "source" 
".Call" "curlPerform" "getURL" "getdata" "eval" "eval" "withVisible" "source" 
".Call" "curlPerform" "getURL" "getdata" "eval" "eval" "withVisible" "source" 
".Call" "curlPerform" "getURL" "getdata" "eval" "eval" "withVisible" "source" 
".Call" "curlPerform" "getURL" "getdata" "eval" "eval" "withVisible" "source" 
".Call" "curlPerform" "getURL" "getdata" "eval" "eval" "withVisible" "source" 
".Call" "curlPerform" "getURL" "getdata" "eval" "eval" "withVisible" "source" 
".Call" "curlPerform" "getURL" "getdata" "eval" "eval" "withVisible" "source" 
".Call" "curlPerform" "getURL" "getdata" "eval" "eval" "withVisible" "source" 
".Call" "curlPerform" "getURL" "getdata" "eval" "eval" "withVisible" "source" 
".Call" "curlPerform" "getURL" "getdata" "eval" "eval" "withVisible" "source" 
".Call" "curlPerform" "getURL" "getdata" "eval" "eval" "withVisible" "source" 
".Call" "curlPerform" "getURL" "getdata" "eval" "eval" "withVisible" "source" 
".Call" "curlPerform" "getURL" "getdata" "eval" "eval" "withVisible" "source" 
".Call" "curlPerform" "getURL" "getdata" "eval" "eval" "withVisible" "source" 
".Call" "curlPerform" "getURL" "getdata" "eval" "eval" "withVisible" "source" 
".Call" "curlPerform" "getURL" "getdata" "eval" "eval" "withVisible" "source" 
".Call" "curlPerform" "getURL" "getdata" "eval" "eval" "withVisible" "source" 
".Call" "curlPerform" "getURL" "getdata" "eval" "eval" "withVisible" "source" 
".Call" "curlPerform" "getURL" "getdata" "eval" "eval" "withVisible" "source" 
".Call" "curlPerform" "getURL" "getdata" "eval" "eval" "withVisible" "source" 
".Call" "curlPerform" "getURL" "getdata" "eval" "eval" "withVisible" "source" 
".Call" "curlPerform" "getURL" "getdata" "eval" "eval" "withVisible" "source" 
".Call" "curlPerform" "getURL" "getdata" "eval" "eval" "withVisible" "source" 
".Call" "curlPerform" "getURL" "getdata" "eval" "eval" "withVisible" "source" 
".Call" "curlPerform" "getURL" "getdata" "eval" "eval" "withVisible" "source" 
".Call" "curlPerform" "getURL" "getdata" "eval" "eval" "withVisible" "source" 
".Call" "curlPerform" "getURL" "getdata" "eval" "eval" "withVisible" "source" 
".Call" "curlPerform" "getURL" "getdata" "eval" "eval" "withVisible" "source" 
".Call" "curlPerform" "getURL" "getdata" "eval" "eval" "withVisible" "source" 
".Call" "curlPerform" "getURL" "getdata" "eval" "eval" "withVisible" "source" 
".Call" "curlPerform" "getURL" "getdata" "eval" "eval" "withVisible" "source" 
".Call" "curlPerform" "getURL" "getdata" "eval" "eval" "withVisible" "source" 
".Call" "curlPerform" "getURL" "getdata" "eval" "eval" "withVisible" "source" 
".Call" "curlPerform" "getURL" "getdata" "eval" "eval" "withVisible" "source" 
".Call" "curlPerform" "getURL" "getdata" "eval" "eval" "withVisible" "source" 
".Call" "curlPerform" "getURL" "getdata" "eval" "eval" "withVisible" "source" 
".Call" "curlPerform" "getURL" "getdata" "eval" "eval" "withVisible" "source" 
".Call" "curlPerform" "getURL" "getdata" "eval" "eval" "withVisible" "source" 
".Call" "curlPerform" "getURL" "getdata" "eval" "eval" "withVisible" "source" 
".Call" "curlPerform" "getURL" "getdata" "eval" "eval" "withVisible" "source" 
".Call" "curlPerform" "getURL" "getdata" "eval" "eval" "withVisible" "source" 
".Call" "curlPerform" "getURL" "getdata" "eval" "eval" "withVisible" "source" 
".Call" "curlPerform" "getURL" "getdata" "eval" "eval" "withVisible" "source" 
".Call" "curlPerform" "getURL" "getdata" "eval" "eval" "withVisible" "source" 
"ls" "apropos" "normalCompletions" "<Anonymous>" "<Anonymous>" 
"ls" "apropos" "normalCompletions" "<Anonymous>" "<Anonymous>" 
"ls" "loadedNamespaces" "match" "%in%" "find.package" "index.search" "help" "<Anonymous>" 
"match" "%in%" "structure" ".POSIXct" "file.info" "find.package" "index.search" "help" "<Anonymous>" 
"readRDS" "index.search" "help" "<Anonymous>" 
"writeBlock" "writeContent" "writeWrapped" "writeBlock" "writeContent" "writeSection" "Rd2HTML" "<Anonymous>" "<Anonymous>" 
"psub" "htmlify" "isBlankLineRd" "addParaBreaks" "writeLines" "writeLinesUTF8" "of1" "writeBlock" "writeContent" "writeSection" "Rd2HTML" "<Anonymous>" "<Anonymous>" 
"gzfile" "readRDS" "FUN" "lapply" "find.package" "index.search" "help" "<Anonymous>" 
"file.exists" "FUN" "lapply" "find.package" "index.search" "help" "<Anonymous>" 
"list.files" "find.package" "index.search" "help" "<Anonymous>" 
"readRDS" "lazyLoadDBexec" "<Anonymous>" "<Anonymous>" "prepare_Rd" "Rd2HTML" "<Anonymous>" "<Anonymous>" 
"psub" "htmlify" "isBlankLineRd" "addParaBreaks" "writeLines" "writeLinesUTF8" "of1" "writeBlock" "writeContent" "writeContent" "writeSection" "Rd2HTML" "<Anonymous>" "<Anonymous>" 
"grep" "isBlankRd" "writeWrapped" "writeBlock" "writeContent" "writeSection" "Rd2HTML" "<Anonymous>" "<Anonymous>" 
"grep" "isBlankRd" "writeWrapped" "writeBlock" "writeContent" "writeSection" "Rd2HTML" "<Anonymous>" "<Anonymous>" 
"match" "%in%" "structure" "grep" "isBlankRd" "writeWrapped" "writeBlock" "writeContent" "writeSection" "Rd2HTML" "<Anonymous>" "<Anonymous>" 
"grep" "isBlankRd" "writeWrapped" "writeBlock" "writeContent" "writeSection" "Rd2HTML" "<Anonymous>" "<Anonymous>" 
"file.exists" "find.package" "index.search" "help" "<Anonymous>" 
"file.exists" "find.package" "index.search" "help" "<Anonymous>" 
"file.exists" "FUN" "lapply" "find.package" "index.search" "help" "<Anonymous>" 
"close" "readRDS" "index.search" "help" "<Anonymous>" 
"writeLinesUTF8" "of0" "Rd2HTML" "<Anonymous>" "<Anonymous>" 
"psub" "addParaBreaks" "writeLines" "writeLinesUTF8" "of1" "writeBlock" "writeContent" "writeContent" "writeSection" "Rd2HTML" "<Anonymous>" "<Anonymous>" 
"unique" "simplify2array" "sapply" "RdTags" "writeContent" "writeWrapped" "writeBlock" "writeContent" "writeSection" "Rd2HTML" "<Anonymous>" "<Anonymous>" 
"psub" "htmlify" "isBlankLineRd" "addParaBreaks" "writeLines" "writeLinesUTF8" "of1" "writeBlock" "writeContent" "writeSection" "Rd2HTML" "<Anonymous>" "<Anonymous>" 
"file.exists" "find.package" "index.search" "help" "<Anonymous>" 
"get" "getNamespaceInfo" "find.package" "index.search" "help" "<Anonymous>" 
"readRDS" "FUN" "lapply" "find.package" "index.search" "help" "<Anonymous>" 
"grepl" "find.package" "index.search" "help" "<Anonymous>" 
"readRDS" "<Anonymous>" "<Anonymous>" 
"paste0" "writeLines" "writeLinesUTF8" "of0" "writeWrapped" "writeBlock" "writeContent" "writeSection" "Rd2HTML" "<Anonymous>" "<Anonymous>" 
"grepl" "addParaBreaks" "writeLines" "writeLinesUTF8" "of1" "writeBlock" "writeContent" "writeSection" "Rd2HTML" "<Anonymous>" "<Anonymous>" 
"list.files" "find.package" "index.search" "help" "<Anonymous>" 
"structure" ".POSIXct" "file.info" "find.package" "index.search" "help" "<Anonymous>" 
"structure" ".POSIXct" "file.info" "find.package" "index.search" "help" "<Anonymous>" 
"ls" "loadedNamespaces" "match" "%in%" "find.package" "index.search" "help" "<Anonymous>" 
"tempfile" "<Anonymous>" "<Anonymous>" 
"psub" "htmlify" "isBlankLineRd" "addParaBreaks" "writeLines" "writeLinesUTF8" "of1" "writeBlock" "writeContent" "writeSection" "Rd2HTML" "<Anonymous>" "<Anonymous>" 
"grep" "isBlankLineRd" "addParaBreaks" "writeLines" "writeLinesUTF8" "of1" "writeBlock" "writeContent" "writeSection" "Rd2HTML" "<Anonymous>" "<Anonymous>" 
"psub" "htmlify" "isBlankLineRd" "addParaBreaks" "writeLines" "writeLinesUTF8" "of1" "writeBlock" "writeContent" "writeSection" "Rd2HTML" "<Anonymous>" "<Anonymous>" 
"grep" "isBlankRd" "writeWrapped" "writeBlock" "writeContent" "writeSection" "Rd2HTML" "<Anonymous>" "<Anonymous>" 
"grepl" "addParaBreaks" "writeLines" "writeLinesUTF8" "of1" "writeBlock" "writeContent" "writeSection" "Rd2HTML" "<Anonymous>" "<Anonymous>" 
"readRDS" "FUN" "lapply" "find.package" "index.search" "help" "<Anonymous>" 
"list.files" "find.package" "index.search" "help" "<Anonymous>" 
"file.exists" "find.package" "index.search" "help" "<Anonymous>" 
"list.files" "find.package" "index.search" "help" "<Anonymous>" 
"readRDS" "<Anonymous>" "<Anonymous>" 
"psub" "addParaBreaks" "writeLines" "writeLinesUTF8" "of1" "writeBlock" "writeContent" "writeSection" "Rd2HTML" "<Anonymous>" "<Anonymous>" 
"psub" "htmlify" "isBlankLineRd" "addParaBreaks" "writeLines" "writeLinesUTF8" "of1" "writeBlock" "writeContent" "writeSection" "Rd2HTML" "<Anonymous>" "<Anonymous>" 
"gzfile" "readRDS" "FUN" "lapply" "find.package" "index.search" "help" "<Anonymous>" 
"readRDS" "FUN" "lapply" "find.package" "index.search" "help" "<Anonymous>" 
"list.files" "find.package" "index.search" "help" "<Anonymous>" 
"list.files" "find.package" "index.search" "help" "<Anonymous>" 
"readRDS" "<Anonymous>" "<Anonymous>" 
"match" "%in%" "structure" "grep" "isBlankRd" "writeWrapped" "writeBlock" "writeContent" "writeSection" "Rd2HTML" "<Anonymous>" "<Anonymous>" 
"file.exists" "find.package" "index.search" "help" "<Anonymous>" 
"gzfile" "readRDS" "FUN" "lapply" "find.package" "index.search" "help" "<Anonymous>" 
"list.files" "find.package" "index.search" "help" "<Anonymous>" 
"file.exists" "find.package" "index.search" "help" "<Anonymous>" 
"unlist" "unique" "simplify2array" "sapply" "apply" "setDynamicFlags" "prepare_Rd" "Rd2HTML" "<Anonymous>" "<Anonymous>" 
"as.list" "lapply" "sapply" "RdTags" "writeSection" "Rd2HTML" "<Anonymous>" "<Anonymous>" 
"[[.data.frame" "[[" "$.data.frame" "$" "find.package" "index.search" "help" "<Anonymous>" 
"file.exists" "find.package" "index.search" "help" "<Anonymous>" 
"FUN" "lapply" "find.package" "index.search" "help" "<Anonymous>" 
"Rd2HTML" "<Anonymous>" "<Anonymous>" 
"grep" "isBlankLineRd" "addParaBreaks" "writeLines" "writeLinesUTF8" "of1" "writeBlock" "writeContent" "writeSection" "Rd2HTML" "<Anonymous>" "<Anonymous>" 
"file.exists" "find.package" "index.search" "help" "<Anonymous>" 
"gzfile" "readRDS" "FUN" "lapply" "find.package" "index.search" "help" "<Anonymous>" 
"gzfile" "readRDS" "FUN" "lapply" "find.package" "index.search" "help" "<Anonymous>" 
"close" "readRDS" "index.search" "help" "<Anonymous>" 
"FUN" "lapply" "strwrap" "flushBuffer" "blankLine" "Rd2txt" "tryCatchList" "tryCatch" ".Rd_get_text" ".Rd_get_title" "gsub" ".Rd_format_title" "strwrap" "Rd2HTML" "<Anonymous>" "<Anonymous>" 
"vapply" "urlify" "paste0" "writeLink" "writeBlock" "writeContent" "writeWrapped" "writeBlock" "writeContent" "writeSection" "Rd2HTML" "<Anonymous>" "<Anonymous>" 
"$" "find.package" "index.search" "help" "<Anonymous>" 
"structure" ".POSIXct" "file.info" "find.package" "index.search" "help" "<Anonymous>" 
"ls" "loadedNamespaces" "match" "%in%" "find.package" "index.search" "help" "<Anonymous>" 
"readRDS" "index.search" "help" "<Anonymous>" 
"[[" "lapply" "sapply" "RdTags" ".Rd_get_section" ".Rd_get_title" "gsub" ".Rd_format_title" "strwrap" "Rd2HTML" "<Anonymous>" "<Anonymous>" 
"grep" "isBlankLineRd" "addParaBreaks" "writeLines" "writeLinesUTF8" "of1" "writeBlock" "writeContent" "writeSection" "Rd2HTML" "<Anonymous>" "<Anonymous>" 
"asNamespace" "get" ":::" "methods" "doTryCatch" "tryCatchOne" "tryCatchList" "doTryCatch" "tryCatchOne" "tryCatchList" "tryCatch" "functionArgs" "<Anonymous>" "<Anonymous>" 
"FUN" "lapply" "methods" "doTryCatch" "tryCatchOne" "tryCatchList" "doTryCatch" "tryCatchOne" "tryCatchList" "tryCatch" "functionArgs" "<Anonymous>" "<Anonymous>" 
"ls" "match" "%in%" "find" "getAnywhere" "<Anonymous>" "do.call" "FUN" "lapply" "unlist" "unique" "functionArgs" "<Anonymous>" "<Anonymous>" 
"ls" "match" "%in%" "find" "getAnywhere" "<Anonymous>" "do.call" "FUN" "lapply" "unlist" "unique" "functionArgs" "<Anonymous>" "<Anonymous>" 
"ls" "apropos" "normalCompletions" "<Anonymous>" "<Anonymous>" 
"ls" "loadedNamespaces" "match" "%in%" "find.package" "index.search" "help" "<Anonymous>" 
"<Anonymous>" "[[.data.frame" "[[" "$.data.frame" "$" "find.package" "index.search" "help" "<Anonymous>" 
"readRDS" "index.search" "help" "<Anonymous>" 
"file.path" "file.exists" "find.package" "index.search" "help" "<Anonymous>" 
"file.exists" "FUN" "lapply" "find.package" "index.search" "help" "<Anonymous>" 
"list.files" "find.package" "index.search" "help" "<Anonymous>" 
"file.exists" "find.package" "index.search" "help" "<Anonymous>" 
"structure" ".POSIXct" "file.info" "find.package" "index.search" "help" "<Anonymous>" 
"all" "[[.data.frame" "[[" "$.data.frame" "$" "find.package" "index.search" "help" "<Anonymous>" 
"readRDS" "FUN" "lapply" "find.package" "index.search" "help" "<Anonymous>" 
"index.search" "help" "<Anonymous>" 
"file.info" "find.package" "index.search" "help" "<Anonymous>" 
"isBaseNamespace" "asNamespace" "getNamespaceInfo" "find.package" "index.search" "help" "<Anonymous>" 
"asNamespace" "getNamespaceInfo" "find.package" "index.search" "help" "<Anonymous>" 
"ls" "loadedNamespaces" "match" "%in%" "find.package" "index.search" "help" "<Anonymous>" 
"list.files" "find.package" "index.search" "help" "<Anonymous>" 
"close.connection" "close" "readRDS" "FUN" "lapply" "find.package" "index.search" "help" "<Anonymous>" 
"unique" "find.package" "index.search" "help" "<Anonymous>" 
"readRDS" "index.search" "help" "<Anonymous>" 
"FUN" "lapply" "methods" "doTryCatch" "tryCatchOne" "tryCatchList" "doTryCatch" "tryCatchOne" "tryCatchList" "tryCatch" "functionArgs" "<Anonymous>" "<Anonymous>" 
"unlist" "methods" "doTryCatch" "tryCatchOne" "tryCatchList" "doTryCatch" "tryCatchOne" "tryCatchList" "tryCatch" "functionArgs" "<Anonymous>" "<Anonymous>" 
"ls" "match" "%in%" "find" "getAnywhere" "<Anonymous>" "do.call" "FUN" "lapply" "unlist" "unique" "functionArgs" "<Anonymous>" "<Anonymous>" 
"ls" "apropos" "normalCompletions" "<Anonymous>" "<Anonymous>" 
"list.files" "find.package" "index.search" "help" "<Anonymous>" 
"asNamespace" "getNamespaceInfo" "find.package" "index.search" "help" "<Anonymous>" 
"readRDS" "index.search" "help" "<Anonymous>" 
"FUN" "lapply" "methods" "doTryCatch" "tryCatchOne" "tryCatchList" "doTryCatch" "tryCatchOne" "tryCatchList" "tryCatch" "functionArgs" "<Anonymous>" "<Anonymous>" 
"FUN" "lapply" "methods" "doTryCatch" "tryCatchOne" "tryCatchList" "doTryCatch" "tryCatchOne" "tryCatchList" "tryCatch" "functionArgs" "<Anonymous>" "<Anonymous>" 
"getExportedValue" "::" "findGeneric" "methods" "doTryCatch" "tryCatchOne" "tryCatchList" "doTryCatch" "tryCatchOne" "tryCatchList" "tryCatch" "functionArgs" "<Anonymous>" "<Anonymous>" 
"ls" "match" "%in%" "find" "getAnywhere" "<Anonymous>" "do.call" "FUN" "lapply" "unlist" "unique" "functionArgs" "<Anonymous>" "<Anonymous>" 
"ls" "apropos" "normalCompletions" "<Anonymous>" "<Anonymous>" 
"file.exists" "find.package" "index.search" "help" "<Anonymous>" 
"list.files" "find.package" "index.search" "help" "<Anonymous>" 
"save" "save.image" "sys.save.image" 
